quadlet-generator[13844]: Loading source unit file /home/toshio/.config/containers/systemd/homeassistant.container
quadlet-generator[13844]: Loading source unit file /home/toshio/.config/containers/systemd/jellyfin.container
quadlet-generator[13844]: converting "homeassistant.container": unsupported key 'Privileged' in group 'Container' in /home/toshio/.config/containers/systemd/homeassistant.container
quadlet-generator[13844]: Warning: jellyfin.container specifies the image "jellyfin/jellyfin" which not a fully qualified image name. This is not ideal for performance and security reasons. See the podman-pull manpage discussion of short-name-aliases.conf for details.
---jellyfin.service---
[Unit]
Wants=podman-user-wait-network-online.service
After=podman-user-wait-network-online.service
Description=jellyfin container
After=network-online.target
Wants=network-online.target
SourcePath=/home/toshio/.config/containers/systemd/jellyfin.container
RequiresMountsFor=%t/containers
RequiresMountsFor=/home/toshio/projects/homelab/jellyfin/config
RequiresMountsFor=/mnt/homelab-data/jellyfin/cache
RequiresMountsFor=/mnt/homelab-data/jellyfin/metadata
RequiresMountsFor=/mnt/homelab-data/movies
RequiresMountsFor=/mnt/homelab-data/shows

[X-Container]
Image=jellyfin/jellyfin
ContainerName=jellyfin
PublishPort=8096:8096/tcp
PublishPort=7359:7359/udp
Volume=/home/toshio/projects/homelab/jellyfin/config:/config
Volume=/mnt/homelab-data/jellyfin/cache:/cache
Volume=/mnt/homelab-data/jellyfin/metadata:/metadata
Volume=/mnt/homelab-data/movies:/media/movies
Volume=/mnt/homelab-data/shows:/media/shows


[Service]
Restart=always
TimeoutStartSec=900
Environment=PODMAN_SYSTEMD_UNIT=%n
KillMode=mixed
ExecStop=/usr/bin/podman rm -v -f -i jellyfin
ExecStopPost=-/usr/bin/podman rm -v -f -i jellyfin
Delegate=yes
Type=notify
NotifyAccess=all
SyslogIdentifier=%N
ExecStart=/usr/bin/podman run --name jellyfin --replace --rm --cgroups=split --sdnotify=conmon -d -v /home/toshio/projects/homelab/jellyfin/config:/config -v /mnt/homelab-data/jellyfin/cache:/cache -v /mnt/homelab-data/jellyfin/metadata:/metadata -v /mnt/homelab-data/movies:/media/movies -v /mnt/homelab-data/shows:/media/shows --publish 8096:8096/tcp --publish 7359:7359/udp jellyfin/jellyfin

[Install]
WantedBy=default.target

quadlet-generator[13844]: processing encountered some errors
